   1.1959732582681486     
   5.4201716509599285     
  0.16358509229671614     
   2.2742975243558692     
  0.45263865071538517     
   1.7849013316359038E-004
   367.95439325606327     
   86.498656787675614     
   366.69113843138672     
  0.87923100493941453     
   3.9885260176292330     
  0.12029864360901336     
   1.9864851908101624     
  0.39516751238724157     
   1.5590285821281109E-004
   252.25181002079589     
   59.272306909612702     
   248.92906620570659     
  0.92189806439304123     
   4.1845655433083033     
  0.12616017868519633     
   2.4329575456392334     
  0.48392635303563841     
   1.9094779061613770E-004
   250.70553409991086     
   58.875656291010557     
   245.43835091442051     
  0.92706740681112187     
   4.2079086107847710     
  0.12686608536817293     
   2.8910044749427102     
  0.57512519910677706     
   2.2690667314364900E-004
   239.31827778564164     
   56.157966984178650     
   232.36342929844750     
  0.88478251328161617     
   4.0102777884750127     
  0.12102471624413125     
   3.2869203815769108     
  0.65412077681643699     
   2.5799602306297848E-004
   216.87500683637629     
   50.840664133299960     
   208.73944197034021     
  0.79076152004835087     
   3.5702785840992384     
  0.10803185950025575     
   3.5066464894262670     
  0.69809087882202203     
   2.7525188887584170E-004
   183.87558909072584     
   43.052856125207853     
   175.32531261786667     
