1
 *****************************************************************************************************************************
 *****************************************************************************************************************************
 **************************************************                         **************************************************
 **************************************************          GOSIA          **************************************************
 **************************************************                         **************************************************
 *****************************************************************************************************************************
 *****************************************************************************************************************************





                    ROCHESTER COULOMB EXCITATION DATA ANALYSIS CODE BY T.CZOSNYKA,D.CLINE AND C.Y.WU
                                                  VERSION: 20110524.7







                                        LEVELS

     INDEX     PARITY         SPIN           ENERGY(MEV)
       1           -           0.5            0.0000
       2           -           1.5            0.3114
       3           -           2.5            0.4152
       4           -           1.5            0.7019
       5           -           2.5            0.8628

                                        MATRIX ELEMENTS


     MULTIPOLARITY=2
    INDEX   NF     NS          ME               LIMITS
       1      1      2        0.66633        0.10000        2.00000
       2      1      3        0.80000        0.10000        2.00000
       3      1      4        0.04171     FIXED
       4      1      5        0.18601     FIXED
       5      2      2       -1.30000       -2.20000       -0.20000
       6      2      3        0.26126        0.05000        1.00000
       7      2      4        0.65298     FIXED
       8      2      5        0.32758     FIXED
       9      3      3       -0.39581       -1.40000       -0.01000
      10      3      4        0.12066     FIXED
      11      3      5        0.35740     FIXED
     MULTIPOLARITY=7
    INDEX   NF     NS          ME               LIMITS
      12      1      2        0.89766        0.20000        1.80000
      13      1      4        0.84303     FIXED
      14      2      3        0.58078        0.10000        1.60000
      15      2      4        0.88353     FIXED
      16      2      5        0.53908     FIXED


       12 EXPERIMENTAL YIELDS            7 MATRIX ELEMENTS TO BE VARIED



                                        BRANCHING RATIOS

     NS1     NF1     NS2     NF2     RATIO(1:2)         ERROR
      3       2       3       1        0.06900        0.01600
     BRANCHING RATIOS ARE TAKEN WITH WEIGHT    0.100000E+01



                              LIFETIMES(PSEC)


     LEVEL         LIFETIME     ERROR

        2            8.51         1.01
        3           47.03         2.31

          LIFETIMES ARE TAKEN WITH WEIGHT    0.100000E+01


                    EXPERIMENTAL E2/M1 MIXING RATIOS


          TRANSITION            DELTA          ERROR

           2---  1                0.1930           0.0100
           3---  2                0.0390           0.0170

          E2/M1 MIXING RATIOS ARE TAKEN WITH WEIGHT    0.100000E+01


                              EXPERIMENTAL MATRIX ELEMENT(S)


          TRANSITION          MAT.EL.          ERROR

           1---  2                0.6663           0.1141
           2---  2               -1.3000           0.3500
           1---  3                0.8000           0.1300
           3---  3               -0.3958           0.1781

           MATRIX ELEMENT(S) ARE TAKEN WITH WEIGHT    0.100000E+01



     *****  RESTART-MATRIX ELEMENTS OVERWRITTEN  *****




                                        MATRIX ELEMENTS


     MULTIPOLARITY=2
    INDEX   NF     NS          ME               LIMITS
       1      1      2        0.38389        0.10000        2.00000
       2      1      3        0.63283        0.10000        2.00000
       3      1      4        0.04171     FIXED
       4      1      5        0.18601     FIXED
       5      2      2       -1.46117       -2.20000       -0.20000
       6      2      3        0.72074        0.05000        1.00000
       7      2      4        0.65298     FIXED
       8      2      5        0.32785     FIXED
       9      3      3       -1.31858       -1.40000       -0.01000
      10      3      4        0.12066     FIXED
      11      3      5        0.35740     FIXED
     MULTIPOLARITY=7
    INDEX   NF     NS          ME               LIMITS
      12      1      2        0.77539        0.20000        1.80000
      13      1      4        0.84303     FIXED
      14      2      3        0.86529        0.10000        1.60000
      15      2      4        0.88353     FIXED
      16      2      5        0.53908     FIXED





     INTEGRATED RUTHERFORD CROSS SECTION=.1840E+05  FOR EXP. 1





                                                  INTEGRATED YIELDS

     EXPERIMENT  1  DETECTOR  1
     ENERGY RANGE  362.636--- 585.800 MEV   SCATTERING ANGLE RANGE  47.162--- 51.563 DEG

     NI     NF     II     IF     YIELD     NORMALIZED YIELD

      5      1    2.5    0.5   0.11960E+01   0.32615E-02
      5      2    2.5    1.5   0.54202E+01   0.14781E-01
      5      3    2.5    2.5   0.16359E+00   0.44611E-03
      4      1    1.5    0.5   0.22743E+01   0.62022E-02
      4      2    1.5    1.5   0.45264E+00   0.12344E-02
      4      3    1.5    2.5   0.17849E-03   0.48676E-06
      3      1    2.5    0.5   0.36795E+03   0.10034E+01
      3      2    2.5    1.5   0.86499E+02   0.23589E+00
      2      1    1.5    0.5   0.36669E+03   0.10000E+01





     INTEGRATED RUTHERFORD CROSS SECTION=.1055E+05  FOR EXP. 2





                                                  INTEGRATED YIELDS

     EXPERIMENT  2  DETECTOR  1
     ENERGY RANGE  362.636--- 585.800 MEV   SCATTERING ANGLE RANGE  43.693--- 47.080 DEG

     NI     NF     II     IF     YIELD     NORMALIZED YIELD

      5      1    2.5    0.5   0.87923E+00   0.35321E-02
      5      2    2.5    1.5   0.39885E+01   0.16023E-01
      5      3    2.5    2.5   0.12030E+00   0.48326E-03
      4      1    1.5    0.5   0.19865E+01   0.79801E-02
      4      2    1.5    1.5   0.39517E+00   0.15875E-02
      4      3    1.5    2.5   0.15590E-03   0.62629E-06
      3      1    2.5    0.5   0.25225E+03   0.10133E+01
      3      2    2.5    1.5   0.59272E+02   0.23811E+00
      2      1    1.5    0.5   0.24893E+03   0.10000E+01





     INTEGRATED RUTHERFORD CROSS SECTION=.9269E+04  FOR EXP. 3





                                                  INTEGRATED YIELDS

     EXPERIMENT  3  DETECTOR  1
     ENERGY RANGE  362.636--- 585.800 MEV   SCATTERING ANGLE RANGE  39.771--- 43.601 DEG

     NI     NF     II     IF     YIELD     NORMALIZED YIELD

      5      1    2.5    0.5   0.92190E+00   0.37561E-02
      5      2    2.5    1.5   0.41846E+01   0.17049E-01
      5      3    2.5    2.5   0.12616E+00   0.51402E-03
      4      1    1.5    0.5   0.24330E+01   0.99127E-02
      4      2    1.5    1.5   0.48393E+00   0.19717E-02
      4      3    1.5    2.5   0.19095E-03   0.77799E-06
      3      1    2.5    0.5   0.25071E+03   0.10215E+01
      3      2    2.5    1.5   0.58876E+02   0.23988E+00
      2      1    1.5    0.5   0.24544E+03   0.10000E+01





     INTEGRATED RUTHERFORD CROSS SECTION=.7988E+04  FOR EXP. 4





                                                  INTEGRATED YIELDS

     EXPERIMENT  4  DETECTOR  1
     ENERGY RANGE  362.636--- 585.800 MEV   SCATTERING ANGLE RANGE  35.345--- 39.667 DEG

     NI     NF     II     IF     YIELD     NORMALIZED YIELD

      5      1    2.5    0.5   0.92707E+00   0.39897E-02
      5      2    2.5    1.5   0.42079E+01   0.18109E-01
      5      3    2.5    2.5   0.12687E+00   0.54598E-03
      4      1    1.5    0.5   0.28910E+01   0.12442E-01
      4      2    1.5    1.5   0.57513E+00   0.24751E-02
      4      3    1.5    2.5   0.22691E-03   0.97652E-06
      3      1    2.5    0.5   0.23932E+03   0.10299E+01
      3      2    2.5    1.5   0.56158E+02   0.24168E+00
      2      1    1.5    0.5   0.23236E+03   0.10000E+01





     INTEGRATED RUTHERFORD CROSS SECTION=.6707E+04  FOR EXP. 5





                                                  INTEGRATED YIELDS

     EXPERIMENT  5  DETECTOR  1
     ENERGY RANGE  362.636--- 585.800 MEV   SCATTERING ANGLE RANGE  30.377--- 35.228 DEG

     NI     NF     II     IF     YIELD     NORMALIZED YIELD

      5      1    2.5    0.5   0.88478E+00   0.42387E-02
      5      2    2.5    1.5   0.40103E+01   0.19212E-01
      5      3    2.5    2.5   0.12102E+00   0.57979E-03
      4      1    1.5    0.5   0.32869E+01   0.15747E-01
      4      2    1.5    1.5   0.65412E+00   0.31337E-02
      4      3    1.5    2.5   0.25800E-03   0.12360E-05
      3      1    2.5    0.5   0.21688E+03   0.10390E+01
      3      2    2.5    1.5   0.50841E+02   0.24356E+00
      2      1    1.5    0.5   0.20874E+03   0.10000E+01





     INTEGRATED RUTHERFORD CROSS SECTION=.5428E+04  FOR EXP. 6





                                                  INTEGRATED YIELDS

     EXPERIMENT  6  DETECTOR  1
     ENERGY RANGE  362.636--- 585.800 MEV   SCATTERING ANGLE RANGE  24.848--- 30.245 DEG

     NI     NF     II     IF     YIELD     NORMALIZED YIELD

      5      1    2.5    0.5   0.79076E+00   0.45103E-02
      5      2    2.5    1.5   0.35703E+01   0.20364E-01
      5      3    2.5    2.5   0.10803E+00   0.61618E-03
      4      1    1.5    0.5   0.35066E+01   0.20001E-01
      4      2    1.5    1.5   0.69809E+00   0.39817E-02
      4      3    1.5    2.5   0.27525E-03   0.15699E-05
      3      1    2.5    0.5   0.18388E+03   0.10488E+01
      3      2    2.5    1.5   0.43053E+02   0.24556E+00
      2      1    1.5    0.5   0.17533E+03   0.10000E+01



          EXPERIMENT  1        DETECTOR  1

         NI     NF     YEXP        YCOR        COR.F

        3        1   .181E+03    .178E+03    .983E+00
        2        1   .223E+03    .223E+03    .100E+01



          EXPERIMENT  2        DETECTOR  1

         NI     NF     YEXP        YCOR        COR.F

        3        1   .172E+03    .220E+03    .128E+01
        2        1   .220E+03    .287E+03    .130E+01



          EXPERIMENT  3        DETECTOR  1

         NI     NF     YEXP        YCOR        COR.F

        3        1   .170E+03    .193E+03    .113E+01
        2        1   .230E+03    .266E+03    .115E+01



          EXPERIMENT  4        DETECTOR  1

         NI     NF     YEXP        YCOR        COR.F

        3        1   .168E+03    .169E+03    .101E+01
        2        1   .208E+03    .212E+03    .102E+01



          EXPERIMENT  5        DETECTOR  1

         NI     NF     YEXP        YCOR        COR.F

        3        1   .178E+03    .159E+03    .894E+00
        2        1   .225E+03    .204E+03    .909E+00



          EXPERIMENT  6        DETECTOR  1

         NI     NF     YEXP        YCOR        COR.F

        3        1   .126E+03    .101E+03    .801E+00
        2        1   .152E+03    .124E+03    .815E+00
               ********* END OF EXECUTION **********
