  0.16181891732787107     
  0.63305457900392359     
   20.631230676770688     
   4.0086679144295019E-012
   5.4735986761989599     
   18.875093107262661     
   944.41959297928577     
  0.16609505252478715     
  0.60857486615498457     
   17.884599641219463     
   4.0086679144295019E-012
   4.8494656777852807     
   16.925680960130709     
   681.30376759301373     
  0.22148020863288739     
  0.78437599841520844     
   21.232015559469470     
   4.0086679144295019E-012
   6.0174516207053506     
   21.146530853182746     
   711.29111999618715     
  0.27195272142039401     
  0.95171209596663253     
   23.844086039550252     
   4.0086679144295019E-012
   7.2894611853996159     
   25.594786572155655     
   720.15500068490019     
  0.29995196972889066     
   1.0655029115527663     
   24.911838436837332     
   4.0086679144295019E-012
   8.5545190482231366     
   29.584847066856103     
   700.65621876678824     
  0.28874203672896587     
   1.0748255211814564     
   23.737552864429986     
   4.0086679144295019E-012
   9.5949646238476181     
   32.012833662281729     
   646.69321660057119     
