   1.0982030032862293     
   4.9942664417891303     
  0.15044101456267908     
   8.2542583455586520     
   1.6359671386074430     
   6.4767739411130949E-004
   1203.8851310368188     
   42.696066979628625     
   1693.7320075700266     
  0.77744681666412996     
   3.5391007308191327     
  0.10652962351396224     
   7.4580490529591925     
   1.4777245761809930     
   5.8519810495367118E-004
   833.52506474509335     
   29.553430356610956     
   1155.5372352256820     
  0.78099518387504696     
   3.5568031900102515     
  0.10702430823438135     
   9.3072982273661786     
   1.8445624952232074     
   7.3031904086768055E-004
   835.78440457954548     
   29.619943055545168     
   1145.6703241840014     
  0.74130666636277709     
   3.3748434174156632     
  0.10156707641450180     
   11.170765399515993     
   2.2153488754695316     
   8.7658817630172114E-004
   805.55608197544234     
   28.526763101600835     
   1092.4948547693614     
  0.65474991381495307     
   2.9753715489233667     
   8.9650169946247624E-002
   12.708610055134303     
   2.5228218735077377     
   9.9734451711945213E-004
   737.58766146979895     
   26.089669202205119     
   990.55595686849938     
  0.52827946609796272     
   2.3907903588048289     
   7.2235426308531275E-002
   13.443280441238612     
   2.6714607922701386     
   1.0550874013656329E-003
   632.08016821133094     
   22.322381994456943     
   841.74505851745778     
