1
 *****************************************************************************************************************************
 *****************************************************************************************************************************
 **************************************************                         **************************************************
 **************************************************          GOSIA          **************************************************
 **************************************************                         **************************************************
 *****************************************************************************************************************************
 *****************************************************************************************************************************





                    ROCHESTER COULOMB EXCITATION DATA ANALYSIS CODE BY T.CZOSNYKA,D.CLINE AND C.Y.WU
                                                  LATEST REVISION- JUNE  2006







                                        LEVELS

     INDEX     PARITY         SPIN           ENERGY(MEV)
       1           -           0.5            0.0000
       2           -           1.5            0.3114
       3           -           2.5            0.4152
       4           -           1.5            0.7019
       5           -           2.5            0.8628

                                        MATRIX ELEMENTS


     MULTIPOLARITY=2
    INDEX   NF     NS          ME               LIMITS
       1      1      2        0.66633        0.10000        2.00000
       2      1      3        0.80000        0.10000        2.00000
       3      1      4        0.04171     FIXED
       4      1      5        0.18601     FIXED
       5      2      2       -1.30000       -2.20000       -0.20000
       6      2      3        0.26126        0.05000        1.00000
       7      2      4        0.65298     FIXED
       8      2      5        0.32758     FIXED
       9      3      3       -0.39581       -1.40000       -0.01000
      10      3      4        0.12066     FIXED
      11      3      5        0.35740     FIXED
     MULTIPOLARITY=7
    INDEX   NF     NS          ME               LIMITS
      12      1      2        0.89766        0.20000        1.80000
      13      1      4        0.84303     FIXED
      14      2      3        0.58078        0.10000        1.60000
      15      2      4        0.88353     FIXED
      16      2      5        0.53908     FIXED
                                        BRANCHING RATIOS

     NS1     NF1     NS2     NF2     RATIO(1:2)         ERROR
      3       2       3       1        0.06900        0.01600
     BRANCHING RATIOS ARE TAKEN WITH WEIGHT    0.100000E+01



                              LIFETIMES(PSEC)


     LEVEL         LIFETIME     ERROR

        2            8.51         1.01
        3           47.03         2.31

          LIFETIMES ARE TAKEN WITH WEIGHT    0.100000E+01


                    EXPERIMENTAL E2/M1 MIXING RATIOS


          TRANSITION            DELTA          ERROR

           2---  1                0.1930           0.0100
           3---  2                0.0390           0.0170

          E2/M1 MIXING RATIOS ARE TAKEN WITH WEIGHT    0.100000E+01


                              EXPERIMENTAL MATRIX ELEMENT(S)


          TRANSITION          MAT.EL.          ERROR

           1---  2                0.6663           0.1141
           2---  2               -1.3000           0.3500
           1---  3                0.8000           0.1300
           3---  3               -0.3958           0.1781

           MATRIX ELEMENT(S) ARE TAKEN WITH WEIGHT    0.100000E+01



     *****  RESTART-MATRIX ELEMENTS OVERWRITTEN  *****




                                        MATRIX ELEMENTS


     MULTIPOLARITY=2
    INDEX   NF     NS          ME               LIMITS
       1      1      2        0.94218        0.10000        2.00000
       2      1      3        0.95468        0.10000        2.00000
       3      1      4        0.04171     FIXED
       4      1      5        0.18601     FIXED
       5      2      2       -0.72719       -2.20000       -0.20000
       6      2      3        0.12182        0.05000        1.00000
       7      2      4        0.65298     FIXED
       8      2      5        0.32785     FIXED
       9      3      3       -0.01000       -1.40000       -0.01000
      10      3      4        0.12066     FIXED
      11      3      5        0.35740     FIXED
     MULTIPOLARITY=7
    INDEX   NF     NS          ME               LIMITS
      12      1      2        1.17150        0.20000        1.80000
      13      1      4        0.84303     FIXED
      14      2      3        0.50827        0.10000        1.60000
      15      2      4        0.88353     FIXED
      16      2      5        0.53908     FIXED


          E2/M1 MIXING RATIOS
          TRANSITION          EXP.DELTA          CALC.DELTA          SIGMA

           2---  1                0.19               0.21              1.55
           3---  2                0.04               0.02             -1.08


                    CALCULATED LIFETIMES

     LEVEL     LIFETIME(PSEC)     EXP        ERROR

        2       -.1000E+01     0.8512E+01    0.1010E+01
        3       -.1000E+01     0.4703E+02    0.2310E+01
        4       -.1000E+01
        5       -.1000E+01


CALCULATED AND EXPERIMENTAL MATRIX ELEMENTS


     NI NF  EXP. ME   CURRENT ME   SIGMA
      1   2    0.6663    0.9422    2.4185
      2   2   -1.3000   -0.7272    1.6366
      1   3    0.8000    0.9547    1.1899
      3   3   -0.3958   -0.0100    2.1660
               ********* END OF EXECUTION **********
