1
 *****************************************************************************************************************************
 *****************************************************************************************************************************
 **************************************************                         **************************************************
 **************************************************          GOSIA          **************************************************
 **************************************************                         **************************************************
 *****************************************************************************************************************************
 *****************************************************************************************************************************





                    ROCHESTER COULOMB EXCITATION DATA ANALYSIS CODE BY T.CZOSNYKA,D.CLINE AND C.Y.WU
                                                  LATEST REVISION- JUNE  2006







                                        LEVELS

     INDEX     PARITY         SPIN           ENERGY(MEV)
       1           +           0.0            0.0000
       2           +           2.0            0.5040
       3           +           4.0            1.0731
       4           +           6.0            1.6982
       5           +           2.0            1.0297
       6           +           4.0            1.5022

                                        MATRIX ELEMENTS


     MULTIPOLARITY=2
    INDEX   NF     NS          ME               LIMITS
       1      1      2        1.20000     FIXED
       2      1      5        0.35622     COUPLED TO   3
       3      2      2        0.30000     FIXED
       4      2      3        2.19741     FIXED
       5      2      5        2.62669     FIXED
       6      3      3        2.08481     COUPLED TO  11
       7      3      4        2.50000     FIXED
       8      3      5        0.00500     FIXED
       9      5      5        2.68741     COUPLED TO  11
      10      5      6        2.50000     FIXED
     MULTIPOLARITY=7
    INDEX   NF     NS          ME               LIMITS
      11      2      5       -1.04023     FIXED


        6 EXPERIMENTAL YIELDS            0 MATRIX ELEMENTS TO BE VARIED






     *****  RESTART-MATRIX ELEMENTS OVERWRITTEN  *****




                                        MATRIX ELEMENTS


     MULTIPOLARITY=2
    INDEX   NF     NS          ME               LIMITS
       1      1      2        0.50000     FIXED
       2      1      5        0.35622     COUPLED TO   3
       3      2      2       -1.50000     FIXED
       4      2      3        2.19741     FIXED
       5      2      5        2.62669     FIXED
       6      3      3        2.08481     COUPLED TO  11
       7      3      4        2.50000     FIXED
       8      3      5        0.00500     FIXED
       9      5      5        2.68741     COUPLED TO  11
      10      5      6        2.50000     FIXED
     MULTIPOLARITY=7
    INDEX   NF     NS          ME               LIMITS
      11      2      5       -1.04023     FIXED





     INTEGRATED RUTHERFORD CROSS SECTION=.1762E+05  FOR EXP. 1





                                                  INTEGRATED YIELDS

     EXPERIMENT  1  DETECTOR  1
     ENERGY RANGE  362.636--- 585.800 MEV   SCATTERING ANGLE RANGE  47.162--- 51.563 DEG

     NI     NF     II     IF     YIELD     NORMALIZED YIELD

      4      3    6.0    4.0   0.32215E-01   0.17191E-03
      6      5    4.0    2.0   0.47189E+00   0.25182E-02
      3      2    4.0    2.0   0.41295E+01   0.22037E-01
      3      5    4.0    2.0   0.40087E-11   0.21392E-13
      5      1    2.0    0.0   0.33269E+01   0.17754E-01
      5      2    2.0    2.0   0.11390E+02   0.60784E-01
      2      1    2.0    0.0   0.18739E+03   0.10000E+01





     INTEGRATED RUTHERFORD CROSS SECTION=.1010E+05  FOR EXP. 2





                                                  INTEGRATED YIELDS

     EXPERIMENT  2  DETECTOR  1
     ENERGY RANGE  362.636--- 585.800 MEV   SCATTERING ANGLE RANGE  43.693--- 47.080 DEG

     NI     NF     II     IF     YIELD     NORMALIZED YIELD

      4      3    6.0    4.0   0.33375E-01   0.24336E-03
      6      5    4.0    2.0   0.42832E+00   0.31232E-02
      3      2    4.0    2.0   0.36223E+01   0.26413E-01
      3      5    4.0    2.0   0.40087E-11   0.29231E-13
      5      1    2.0    0.0   0.27737E+01   0.20226E-01
      5      2    2.0    2.0   0.95978E+01   0.69986E-01
      2      1    2.0    0.0   0.13714E+03   0.10000E+01





     INTEGRATED RUTHERFORD CROSS SECTION=.8872E+04  FOR EXP. 3





                                                  INTEGRATED YIELDS

     EXPERIMENT  3  DETECTOR  1
     ENERGY RANGE  362.636--- 585.800 MEV   SCATTERING ANGLE RANGE  39.771--- 43.601 DEG

     NI     NF     II     IF     YIELD     NORMALIZED YIELD

      4      3    6.0    4.0   0.44914E-01   0.30959E-03
      6      5    4.0    2.0   0.52375E+00   0.36102E-02
      3      2    4.0    2.0   0.43513E+01   0.29994E-01
      3      5    4.0    2.0   0.40087E-11   0.27632E-13
      5      1    2.0    0.0   0.32694E+01   0.22536E-01
      5      2    2.0    2.0   0.11397E+02   0.78559E-01
      2      1    2.0    0.0   0.14507E+03   0.10000E+01





     INTEGRATED RUTHERFORD CROSS SECTION=.7644E+04  FOR EXP. 4





                                                  INTEGRATED YIELDS

     EXPERIMENT  4  DETECTOR  1
     ENERGY RANGE  362.636--- 585.800 MEV   SCATTERING ANGLE RANGE  35.345--- 39.667 DEG

     NI     NF     II     IF     YIELD     NORMALIZED YIELD

      4      3    6.0    4.0   0.55732E-01   0.37410E-03
      6      5    4.0    2.0   0.60054E+00   0.40312E-02
      3      2    4.0    2.0   0.49550E+01   0.33261E-01
      3      5    4.0    2.0   0.40087E-11   0.26908E-13
      5      1    2.0    0.0   0.37616E+01   0.25250E-01
      5      2    2.0    2.0   0.13135E+02   0.88171E-01
      2      1    2.0    0.0   0.14898E+03   0.10000E+01





     INTEGRATED RUTHERFORD CROSS SECTION=.6417E+04  FOR EXP. 5





                                                  INTEGRATED YIELDS

     EXPERIMENT  5  DETECTOR  1
     ENERGY RANGE  362.636--- 585.800 MEV   SCATTERING ANGLE RANGE  30.377--- 35.228 DEG

     NI     NF     II     IF     YIELD     NORMALIZED YIELD

      4      3    6.0    4.0   0.62190E-01   0.42298E-03
      6      5    4.0    2.0   0.63368E+00   0.43100E-02
      3      2    4.0    2.0   0.52604E+01   0.35779E-01
      3      5    4.0    2.0   0.40087E-11   0.27265E-13
      5      1    2.0    0.0   0.42022E+01   0.28581E-01
      5      2    2.0    2.0   0.14514E+02   0.98718E-01
      2      1    2.0    0.0   0.14703E+03   0.10000E+01





     INTEGRATED RUTHERFORD CROSS SECTION=.5192E+04  FOR EXP. 6





                                                  INTEGRATED YIELDS

     EXPERIMENT  6  DETECTOR  1
     ENERGY RANGE  362.636--- 585.800 MEV   SCATTERING ANGLE RANGE  24.848--- 30.245 DEG

     NI     NF     II     IF     YIELD     NORMALIZED YIELD

      4      3    6.0    4.0   0.60600E-01   0.44083E-03
      6      5    4.0    2.0   0.60190E+00   0.43785E-02
      3      2    4.0    2.0   0.51022E+01   0.37116E-01
      3      5    4.0    2.0   0.40087E-11   0.29161E-13
      5      1    2.0    0.0   0.45132E+01   0.32831E-01
      5      2    2.0    2.0   0.15104E+02   0.10987E+00
      2      1    2.0    0.0   0.13747E+03   0.10000E+01



          EXPERIMENT  1        DETECTOR  1

         NI     NF     YEXP        YCOR        COR.F

        2        1   .140E+03    .140E+03    .100E+01



          EXPERIMENT  2        DETECTOR  1

         NI     NF     YEXP        YCOR        COR.F

        2        1   .137E+03    .177E+03    .129E+01



          EXPERIMENT  3        DETECTOR  1

         NI     NF     YEXP        YCOR        COR.F

        2        1   .171E+03    .194E+03    .114E+01



          EXPERIMENT  4        DETECTOR  1

         NI     NF     YEXP        YCOR        COR.F

        2        1   .176E+03    .176E+03    .998E+00



          EXPERIMENT  5        DETECTOR  1

         NI     NF     YEXP        YCOR        COR.F

        2        1   .153E+03    .134E+03    .875E+00



          EXPERIMENT  6        DETECTOR  1

         NI     NF     YEXP        YCOR        COR.F

        2        1   .145E+03    .115E+03    .788E+00
               ********* END OF EXECUTION **********
