   3.2215084319181249E-002
  0.47188809850285646     
   4.1294893321620210     
   4.0086679144295019E-012
   3.3268848665698640     
   11.390389133730340     
   187.39111178748419     
   3.3374778223635611E-002
  0.42831899191995454     
   3.6223075359676873     
   4.0086679144295019E-012
   2.7737429047930777     
   9.5977881763375308     
   137.13964138964869     
   4.4914012430154353E-002
  0.52375025859264757     
   4.3513401553400648     
   4.0086679144295019E-012
   3.2694225081394070     
   11.396890956454442     
   145.07346115416453     
   5.5732207044464299E-002
  0.60054286796447254     
   4.9550294510006685     
   4.0086679144295019E-012
   3.7616163353801597     
   13.135258464132242     
   148.97510311086722     
   6.2189966899104367E-002
  0.63368453845103978     
   5.2604065771766697     
   4.0086679144295019E-012
   4.2021954191699846     
   14.514269212383148     
   147.02688927408371     
   6.0600192707559238E-002
  0.60189713443254012     
   5.1021964274840803     
   4.0086679144295019E-012
   4.5132139157900051     
   15.103653094038185     
   137.46706962690800     
